<?xml version="1.0" encoding="UTF-8"?>
<!-- Generated by org.testng.reporters.JUnitReportReporter -->
<testsuite skipped="0" hostname="FINDHYDAG727322" name="TestCasesPackage.Nuttan_AdminFunctions" tests="15" failures="0" timestamp="05 Jul 2017 11:45:30 GMT" time="394.006" errors="0">
  <testcase name="LoginDasboard" time="96.150" classname="TestCasesPackage.Nuttan_AdminFunctions"/>
  <testcase name="validateRunningChillerCount" time="8.749" classname="TestCasesPackage.Nuttan_AdminFunctions"/>
  <testcase name="validateAlarmsandAlertChillerCount" time="8.564" classname="TestCasesPackage.Nuttan_AdminFunctions"/>
  <testcase name="validateNotRunningChillerCount" time="8.566" classname="TestCasesPackage.Nuttan_AdminFunctions"/>
  <testcase name="validateOfflineChillerCount" time="8.614" classname="TestCasesPackage.Nuttan_AdminFunctions"/>
  <testcase name="validateDeviceLocationSearchFunctionality" time="5.478" classname="TestCasesPackage.Nuttan_AdminFunctions"/>
  <testcase name="differentiatechillerBasedonIndicator" time="0.082" classname="TestCasesPackage.Nuttan_AdminFunctions"/>
  <testcase name="validateSortingFunctionality" time="15.540" classname="TestCasesPackage.Nuttan_AdminFunctions"/>
  <testcase name="validateDeviceDetailsPage" time="0.300" classname="TestCasesPackage.Nuttan_AdminFunctions"/>
  <testcase name="verifyWeatherForecast" time="4.667" classname="TestCasesPackage.Nuttan_AdminFunctions"/>
  <testcase name="validateSectionDetailsPage" time="31.658" classname="TestCasesPackage.Nuttan_AdminFunctions"/>
  <testcase name="validateExportToExcel" time="50.824" classname="TestCasesPackage.Nuttan_AdminFunctions"/>
  <testcase name="addNewCustomer" time="23.070" classname="TestCasesPackage.Nuttan_AdminFunctions"/>
  <testcase name="chillerRegistrationNewCustomer" time="50.160" classname="TestCasesPackage.Nuttan_AdminFunctions"/>
  <testcase name="tenantVerification" time="81.584" classname="TestCasesPackage.Nuttan_AdminFunctions"/>
</testsuite> <!-- TestCasesPackage.Nuttan_AdminFunctions -->
