<?xml version="1.0" encoding="UTF-8"?>
<!-- Generated by org.testng.reporters.JUnitReportReporter -->
<testsuite skipped="0" hostname="FINDHYDAG727322" name="UTCTestNGPackage.NewTest" tests="8" failures="0" timestamp="09 Mar 2017 08:43:22 GMT" time="86.112" errors="0">
  <testcase name="LoginAutomatic" time="9.698" classname="UTCTestNGPackage.NewTest"/>
  <testcase name="ConnectivityScreen" time="6.554" classname="UTCTestNGPackage.NewTest"/>
  <testcase name="NativeBacnetLogin" time="4.564" classname="UTCTestNGPackage.NewTest"/>
  <testcase name="ReadDeviceInfo" time="0.050" classname="UTCTestNGPackage.NewTest"/>
  <testcase name="ChillerOverviewRefresh" time="15.206" classname="UTCTestNGPackage.NewTest"/>
  <testcase name="TraceRecording" time="5.219" classname="UTCTestNGPackage.NewTest"/>
  <testcase name="TabNavigation" time="36.333" classname="UTCTestNGPackage.NewTest"/>
  <testcase name="Alarms" time="8.488" classname="UTCTestNGPackage.NewTest"/>
</testsuite> <!-- UTCTestNGPackage.NewTest -->
