<?xml version="1.0" encoding="UTF-8"?>
<!-- Generated by org.testng.reporters.JUnitReportReporter -->
<testsuite skipped="0" hostname="FINDHYDAG727322" name="Automate_Users_creation" tests="4" failures="0" timestamp="19 May 2017 12:53:31 GMT" time="151.973" errors="0">
  <testcase name="LoginDasboard" time="75.491" classname="Automate_Users_creation"/>
  <testcase name="addNewCustomer" time="22.811" classname="Automate_Users_creation"/>
  <testcase name="chillerRegistrationNewCustomer" time="49.095" classname="Automate_Users_creation"/>
  <testcase name="tenantVerification" time="4.576" classname="Automate_Users_creation"/>
</testsuite> <!-- Automate_Users_creation -->
