<?xml version="1.0" encoding="UTF-8"?>
<!-- Generated by org.testng.reporters.JUnitReportReporter -->
<testsuite skipped="0" hostname="FINDHYDAG727322" name="finalPackage.FinalAutomation" tests="15" failures="0" timestamp="22 Jun 2017 13:42:50 GMT" time="389.492" errors="0">
  <testcase name="temp" time="81.828" classname="finalPackage.FinalAutomation"/>
  <testcase name="validateRunningChillerCount" time="5.467" classname="finalPackage.FinalAutomation"/>
  <testcase name="validateAlarmsandAlertChillerCount" time="8.597" classname="finalPackage.FinalAutomation"/>
  <testcase name="validateNotRunningChillerCount" time="8.583" classname="finalPackage.FinalAutomation"/>
  <testcase name="validateOfflineChillerCount" time="8.598" classname="finalPackage.FinalAutomation"/>
  <testcase name="validateDeviceLocationSearchFunctionality" time="5.526" classname="finalPackage.FinalAutomation"/>
  <testcase name="differentiatechillerBasedonIndicator" time="10.311" classname="finalPackage.FinalAutomation"/>
  <testcase name="validateSortingFunctionality" time="15.641" classname="finalPackage.FinalAutomation"/>
  <testcase name="validateDeviceDetailsPage" time="0.487" classname="finalPackage.FinalAutomation"/>
  <testcase name="verifyWeatherForecast" time="5.234" classname="finalPackage.FinalAutomation"/>
  <testcase name="validateSectionDetailsPage" time="36.124" classname="finalPackage.FinalAutomation"/>
  <testcase name="validateExportToExcel" time="45.100" classname="finalPackage.FinalAutomation"/>
  <testcase name="addNewCustomer" time="24.286" classname="finalPackage.FinalAutomation"/>
  <testcase name="chillerRegistrationNewCustomer" time="52.370" classname="finalPackage.FinalAutomation"/>
  <testcase name="tenantVerification" time="81.340" classname="finalPackage.FinalAutomation"/>
</testsuite> <!-- finalPackage.FinalAutomation -->
