<?xml version="1.0" encoding="UTF-8"?>
<!-- Generated by org.testng.reporters.JUnitReportReporter -->
<testsuite skipped="0" hostname="FINDHYDAG727322" name="ExtentReport" tests="1" failures="0" timestamp="21 Jun 2017 12:23:02 GMT" time="51.544" errors="0">
  <testcase name="temp" time="51.544" classname="ExtentReport"/>
</testsuite> <!-- ExtentReport -->
